<?xml version="1.0" encoding="UTF-8"?>
<!-- Generated by org.testng.reporters.JUnitReportReporter -->
<testsuite skipped="0" hostname="AIPL-SEZ-LT-126" name="pages.HomePage" tests="1" failures="0" timestamp="2020-06-20T18:35:14 IST" time="131.760" errors="0">
  <testcase name="Test" time="131.760" classname="pages.HomePage"/>
  <system-out/>
</testsuite> <!-- pages.HomePage -->
