<?xml version="1.0" encoding="UTF-8"?>
<!-- Generated by org.testng.reporters.JUnitReportReporter -->
<testsuite skipped="0" hostname="AIPL-SEZ-LT-126" name="pages.Challenge1" tests="1" failures="0" timestamp="2020-06-20T18:40:42 IST" time="144.990" errors="0">
  <testcase name="Test" time="144.990" classname="pages.Challenge1"/>
  <system-out/>
</testsuite> <!-- pages.Challenge1 -->
